2005-06-08 19:10:06,203 [main] INFO  artof.ArtofMain - ArtofMain: Reading registration image...
2005-06-08 19:10:06,218 [main] ERROR artof.ArtofMain - ArtofMain: Error when reading registration image 
java.io.FileNotFoundException: images\stuffer.gif (The system cannot find the file specified)
	at java.io.FileInputStream.open(Native Method)
	at java.io.FileInputStream.<init>(FileInputStream.java:106)
	at java.io.FileInputStream.<init>(FileInputStream.java:66)
	at java.io.FileReader.<init>(FileReader.java:41)
	at artof.ArtofMain.<init>(ArtofMain.java:85)
	at RunRSF.latloop(RunRSF.java:26)
	at RunRSF.main(RunRSF.java:22)
2005-06-08 19:10:06,218 [main] INFO  artof.ArtofMain - ArtofMain: creating registration image...
2005-06-08 19:10:06,390 [main] INFO  artof.ArtofMain - ArtofMain: new data created...
2005-06-08 19:10:06,390 [main] ERROR artof.utils.UserSettings - readUserSettings: Error when reading user settings image 
java.io.FileNotFoundException: rsfdb\Settings.dat (The system cannot find the file specified)
	at java.io.FileInputStream.open(Native Method)
	at java.io.FileInputStream.<init>(FileInputStream.java:106)
	at java.io.FileInputStream.<init>(FileInputStream.java:66)
	at artof.utils.UserSettings.readUserSettings(UserSettings.java:196)
	at artof.ArtofMain.<init>(ArtofMain.java:124)
	at RunRSF.latloop(RunRSF.java:26)
	at RunRSF.main(RunRSF.java:22)
2005-06-08 19:10:06,390 [main] INFO  artof.ArtofMain - ArtofMain: Failed to read user settings...
2005-06-08 19:10:06,406 [main] INFO  artof.ArtofMain - ArtofMain: setting newly created data...
2005-06-08 19:10:06,406 [main] INFO  artof.ArtofMain - ArtofMain: saving user data...
2005-06-08 19:10:06,531 [main] INFO  artof.ArtofMain - ArtofMain: user data saved...
2005-06-08 19:10:06,531 [main] INFO  artof.ArtofMain - ArtofMain: connecting to database...
2005-06-08 19:10:09,812 [main] INFO  artof.ArtofMain - ArtofMain: performing database check...
2005-06-08 19:10:09,843 [main] INFO  artof.ArtofMain - ArtofMain: database check completed...
2005-06-08 19:10:09,843 [main] INFO  artof.ArtofMain - ArtofMain: deletion check succesful 
2005-06-08 19:10:09,843 [main] INFO  artof.ArtofMain - ArtofMain: starting installation checks... 
2005-06-08 19:10:09,843 [main] INFO  artof.ArtofMain - ArtofMain: installation check 1: 0
2005-06-08 19:10:09,859 [main] INFO  artof.ArtofMain - ArtofMain: installation check 2: false
2005-06-08 19:10:09,859 [main] INFO  artof.ArtofMain - ArtofMain: installation check 3: false
2005-06-08 19:10:09,859 [main] INFO  artof.ArtofMain - ArtofMain: installation check 4: 0
2005-06-08 19:10:09,859 [main] INFO  artof.ArtofMain - ArtofMain: installation check 5: 8238526447
2005-06-08 19:10:09,859 [main] INFO  artof.ArtofMain - ArtofMain: installation check 6: true
2005-06-08 19:16:50,593 [main] INFO  artof.ArtofMain - ArtofMain: Reading registration image...
2005-06-08 19:16:51,015 [main] INFO  artof.ArtofMain - ArtofMain: connecting to database...
2005-06-08 19:16:55,921 [main] INFO  artof.ArtofMain - ArtofMain: performing database check...
2005-06-08 19:16:55,968 [main] INFO  artof.ArtofMain - ArtofMain: database check completed...
2005-06-08 19:16:55,968 [main] INFO  artof.ArtofMain - ArtofMain: deletion check succesful 
2005-06-08 19:16:55,968 [main] INFO  artof.ArtofMain - ArtofMain: starting installation checks... 
2005-06-08 19:16:56,000 [main] INFO  artof.ArtofMain - ArtofMain: installation check 1: 1
2005-06-08 19:16:56,078 [main] INFO  artof.ArtofMain - ArtofMain: installation check 2: true
2005-06-08 19:16:56,078 [main] INFO  artof.ArtofMain - ArtofMain: installation check 3: true
2005-06-08 19:16:56,078 [main] INFO  artof.ArtofMain - ArtofMain: installation check 4: 1
2005-06-08 19:16:56,078 [main] INFO  artof.ArtofMain - ArtofMain: installation check 5: 8238526447
2005-06-08 19:16:56,078 [main] INFO  artof.ArtofMain - ArtofMain: installation check 6: true
2007-05-30 22:55:08,484 [main] INFO  artof.ArtofMain - ArtofMain: Reading registration image...
2007-05-30 22:55:08,546 [main] ERROR artof.utils.UserSettings - readUserSettings: Error when reading user settings image 
java.io.OptionalDataException
	at java.io.ObjectInputStream.readObject0(ObjectInputStream.java:1253)
	at java.io.ObjectInputStream.readObject(ObjectInputStream.java:339)
	at artof.utils.UserSettings.readUserSettings(UserSettings.java:260)
	at artof.ArtofMain.<init>(ArtofMain.java:124)
	at RunRSF.latloop(RunRSF.java:26)
	at RunRSF.main(RunRSF.java:22)
2007-05-30 22:55:08,546 [main] INFO  artof.ArtofMain - ArtofMain: Failed to read user settings...
2007-05-30 22:55:08,562 [main] INFO  artof.ArtofMain - ArtofMain: saving user data...
2007-05-30 22:55:08,562 [main] INFO  artof.ArtofMain - ArtofMain: user data saved...
2007-05-30 22:55:08,562 [main] INFO  artof.ArtofMain - ArtofMain: connecting to database...
2007-05-30 22:55:10,765 [main] INFO  artof.ArtofMain - ArtofMain: performing database check...
2007-05-30 22:55:10,781 [main] INFO  artof.ArtofMain - ArtofMain: database check completed...
2007-05-30 22:55:10,781 [main] INFO  artof.ArtofMain - ArtofMain: deletion check succesful 
2007-05-30 22:55:10,781 [main] INFO  artof.ArtofMain - ArtofMain: starting installation checks... 
2007-05-30 22:55:10,781 [main] INFO  artof.ArtofMain - ArtofMain: installation check 1: 3
2007-05-30 22:55:10,781 [main] INFO  artof.ArtofMain - ArtofMain: installation check 2: true
2007-05-30 22:55:10,781 [main] INFO  artof.ArtofMain - ArtofMain: installation check 3: false
2007-05-30 22:55:10,781 [main] INFO  artof.ArtofMain - ArtofMain: installation check 4: 3
2007-05-30 22:55:10,781 [main] INFO  artof.ArtofMain - ArtofMain: installation check 5: 8238526447
2007-05-30 22:55:10,781 [main] INFO  artof.ArtofMain - ArtofMain: installation check 6: false
2007-05-30 22:57:06,375 [main] INFO  artof.ArtofMain - ArtofMain: Reading registration image...
2007-05-30 22:57:21,281 [main] INFO  artof.ArtofMain - ArtofMain: connecting to database...
2007-05-30 22:57:53,609 [main] INFO  artof.ArtofMain - ArtofMain: Reading registration image...
2007-05-30 22:58:00,406 [main] INFO  artof.ArtofMain - ArtofMain: connecting to database...
2007-05-30 22:58:40,140 [main] INFO  artof.ArtofMain - ArtofMain: Reading registration image...
2007-05-30 22:58:40,171 [main] INFO  artof.ArtofMain - ArtofMain: connecting to database...
2007-05-30 22:58:54,718 [main] INFO  artof.ArtofMain - ArtofMain: Reading registration image...
2007-05-30 22:58:54,718 [main] INFO  artof.ArtofMain - ArtofMain: connecting to database...
2007-05-30 23:01:23,015 [main] INFO  artof.ArtofMain - ArtofMain: Reading registration image...
2007-05-30 23:01:23,015 [main] INFO  artof.ArtofMain - ArtofMain: connecting to database...
2007-05-30 23:01:34,156 [main] INFO  artof.ArtofMain - ArtofMain: performing database check...
2007-05-30 23:01:34,171 [main] INFO  artof.ArtofMain - ArtofMain: database check completed...
2007-05-30 23:01:34,171 [main] INFO  artof.ArtofMain - ArtofMain: deletion check succesful 
2007-05-30 23:01:34,171 [main] INFO  artof.ArtofMain - ArtofMain: starting installation checks... 
2007-05-30 23:01:34,171 [main] INFO  artof.ArtofMain - ArtofMain: installation check 1: 4
2007-05-30 23:01:34,171 [main] INFO  artof.ArtofMain - ArtofMain: installation check 2: true
2007-05-30 23:01:34,171 [main] INFO  artof.ArtofMain - ArtofMain: installation check 3: true
2007-05-30 23:01:34,171 [main] INFO  artof.ArtofMain - ArtofMain: installation check 4: 4
2007-05-30 23:01:34,171 [main] INFO  artof.ArtofMain - ArtofMain: installation check 5: 8238526447
2007-05-30 23:01:34,171 [main] INFO  artof.ArtofMain - ArtofMain: installation check 6: false
2007-05-30 23:01:56,406 [main] INFO  artof.ArtofMain - ArtofMain: Reading registration image...
2007-05-30 23:01:56,421 [main] INFO  artof.ArtofMain - ArtofMain: connecting to database...
2007-05-30 23:02:56,828 [main] INFO  artof.ArtofMain - ArtofMain: performing database check...
2007-05-30 23:02:59,578 [main] INFO  artof.ArtofMain - ArtofMain: database check completed...
2007-05-30 23:03:11,140 [main] INFO  artof.ArtofMain - ArtofMain: deletion check succesful 
2007-05-30 23:03:17,265 [main] INFO  artof.ArtofMain - ArtofMain: starting installation checks... 
2007-05-30 23:03:25,468 [main] INFO  artof.ArtofMain - ArtofMain: installation check 1: 5
2007-05-30 23:03:26,046 [main] INFO  artof.ArtofMain - ArtofMain: installation check 2: true
2007-05-30 23:03:26,250 [main] INFO  artof.ArtofMain - ArtofMain: installation check 3: true
2007-05-30 23:03:26,484 [main] INFO  artof.ArtofMain - ArtofMain: installation check 4: 5
2007-05-30 23:03:26,656 [main] INFO  artof.ArtofMain - ArtofMain: installation check 5: 8238526447
2007-05-30 23:03:26,906 [main] INFO  artof.ArtofMain - ArtofMain: installation check 6: false
2007-05-30 23:05:06,875 [main] INFO  artof.ArtofMain - ArtofMain: Reading registration image...
2007-05-30 23:05:06,875 [main] INFO  artof.ArtofMain - ArtofMain: connecting to database...
2007-05-30 23:05:12,390 [main] INFO  artof.ArtofMain - ArtofMain: performing database check...
2007-05-30 23:05:12,421 [main] INFO  artof.ArtofMain - ArtofMain: database check completed...
2007-05-30 23:05:12,421 [main] INFO  artof.ArtofMain - ArtofMain: deletion check succesful 
2007-05-30 23:05:12,421 [main] INFO  artof.ArtofMain - ArtofMain: starting installation checks... 
2007-05-30 23:18:24,046 [main] INFO  artof.ArtofMain - ArtofMain: Reading registration image...
2007-05-30 23:18:24,281 [main] INFO  artof.ArtofMain - ArtofMain: connecting to database...
2007-05-30 23:18:26,671 [main] INFO  artof.ArtofMain - ArtofMain: performing database check...
2007-05-30 23:18:26,687 [main] INFO  artof.ArtofMain - ArtofMain: database check completed...
2007-05-30 23:18:26,687 [main] INFO  artof.ArtofMain - ArtofMain: deletion check succesful 
2007-05-30 23:18:26,687 [main] INFO  artof.ArtofMain - ArtofMain: starting installation checks... 
2007-05-30 23:24:57,500 [main] INFO  artof.ArtofMain - ArtofMain: Reading registration image...
2007-05-30 23:24:57,500 [main] INFO  artof.ArtofMain - ArtofMain: connecting to database...
2007-05-30 23:24:59,265 [main] INFO  artof.ArtofMain - ArtofMain: deletion check succesful 
2007-05-30 23:24:59,265 [main] INFO  artof.ArtofMain - ArtofMain: starting installation checks... 
2007-06-14 20:11:02,656 [main] INFO  artof.ArtofMain - ArtofMain: Reading registration image...
2007-06-14 20:11:02,718 [main] INFO  artof.ArtofMain - ArtofMain: connecting to database...
2007-06-14 20:11:05,031 [main] INFO  artof.ArtofMain - ArtofMain: deletion check succesful 
2007-06-14 20:11:05,031 [main] INFO  artof.ArtofMain - ArtofMain: starting installation checks... 
2007-06-14 20:20:47,687 [main] INFO  artof.ArtofMain - ArtofMain: Reading registration image...
2007-06-14 20:20:47,703 [main] INFO  artof.ArtofMain - ArtofMain: connecting to database...
2007-06-14 20:20:53,281 [main] INFO  artof.ArtofMain - ArtofMain: deletion check succesful 
2007-06-14 20:20:53,281 [main] INFO  artof.ArtofMain - ArtofMain: starting installation checks... 
2007-06-27 15:36:53,000 [main] INFO  artof.ArtofMain - ArtofMain: Reading registration image...
2007-06-27 15:36:53,031 [main] INFO  artof.ArtofMain - ArtofMain: connecting to database...
2007-06-27 15:36:55,296 [main] INFO  artof.ArtofMain - ArtofMain: deletion check succesful 
2007-06-27 15:36:55,296 [main] INFO  artof.ArtofMain - ArtofMain: starting installation checks... 
2007-06-29 18:39:52,703 [main] INFO  artof.ArtofMain - ArtofMain: Reading registration image...
2007-06-29 18:39:52,734 [main] ERROR artof.ArtofMain - ArtofMain: Error when reading registration image 
java.io.FileNotFoundException: images\stuffer.gif (The system cannot find the path specified)
	at java.io.FileInputStream.open(Native Method)
	at java.io.FileInputStream.<init>(FileInputStream.java:106)
	at java.io.FileInputStream.<init>(FileInputStream.java:66)
	at java.io.FileReader.<init>(FileReader.java:41)
	at artof.ArtofMain.<init>(ArtofMain.java:85)
	at artof.RunRSF.latloop(RunRSF.java:26)
	at artof.RunRSF.main(RunRSF.java:22)
2007-06-29 18:39:52,734 [main] INFO  artof.ArtofMain - ArtofMain: creating registration image...
2007-06-29 18:39:52,734 [main] ERROR artof.ArtofMain - ArtofMain: Error when creating registration image 
java.io.FileNotFoundException: images\stuffer.gif (The system cannot find the path specified)
	at java.io.FileOutputStream.open(Native Method)
	at java.io.FileOutputStream.<init>(FileOutputStream.java:179)
	at java.io.FileOutputStream.<init>(FileOutputStream.java:70)
	at java.io.FileWriter.<init>(FileWriter.java:46)
	at artof.ArtofMain.<init>(ArtofMain.java:99)
	at artof.RunRSF.latloop(RunRSF.java:26)
	at artof.RunRSF.main(RunRSF.java:22)
2007-06-29 18:39:52,734 [main] ERROR artof.utils.UserSettings - readUserSettings: Error when reading user settings image 
java.io.FileNotFoundException: rsfdb\Settings.dat (The system cannot find the file specified)
	at java.io.FileInputStream.open(Native Method)
	at java.io.FileInputStream.<init>(FileInputStream.java:106)
	at java.io.FileInputStream.<init>(FileInputStream.java:66)
	at artof.utils.UserSettings.readUserSettings(UserSettings.java:196)
	at artof.ArtofMain.<init>(ArtofMain.java:124)
	at artof.RunRSF.latloop(RunRSF.java:26)
	at artof.RunRSF.main(RunRSF.java:22)
2007-06-29 18:39:52,734 [main] INFO  artof.ArtofMain - ArtofMain: Failed to read user settings...
2007-06-29 18:39:52,734 [main] INFO  artof.ArtofMain - ArtofMain: setting newly created data...
2007-06-29 18:39:52,765 [main] INFO  artof.ArtofMain - ArtofMain: saving user data...
2007-06-29 18:39:52,781 [main] INFO  artof.ArtofMain - ArtofMain: user data saved...
2007-06-29 18:39:52,781 [main] INFO  artof.ArtofMain - ArtofMain: connecting to database...
2007-06-29 18:39:54,812 [main] INFO  artof.ArtofMain - ArtofMain: deletion check succesful 
2007-06-29 18:39:54,812 [main] INFO  artof.ArtofMain - ArtofMain: starting installation checks... 
2007-06-29 18:42:05,234 [main] INFO  artof.ArtofMain - ArtofMain: Reading registration image...
2007-06-29 18:42:05,250 [main] INFO  artof.ArtofMain - ArtofMain: connecting to database...
2007-06-29 18:42:11,109 [main] INFO  artof.ArtofMain - ArtofMain: deletion check failed 
2007-06-29 18:42:11,109 [main] INFO  artof.ArtofMain - ArtofMain: starting installation checks... 
2007-06-29 18:43:59,625 [main] INFO  artof.ArtofMain - ArtofMain: Reading registration image...
2007-06-29 18:43:59,640 [main] INFO  artof.ArtofMain - ArtofMain: connecting to database...
2007-06-29 18:44:01,406 [main] INFO  artof.ArtofMain - ArtofMain: deletion check failed 
2007-06-29 18:44:01,406 [main] INFO  artof.ArtofMain - ArtofMain: starting installation checks... 
2007-06-29 18:44:44,078 [main] INFO  artof.ArtofMain - ArtofMain: Reading registration image...
2007-06-29 18:45:00,015 [main] INFO  artof.ArtofMain - ArtofMain: connecting to database...
2007-06-29 18:48:06,390 [main] INFO  artof.ArtofMain - ArtofMain: deletion check failed 
2007-06-29 18:48:10,687 [main] INFO  artof.ArtofMain - ArtofMain: starting installation checks... 
2007-06-29 18:50:11,171 [main] INFO  artof.ArtofMain - ArtofMain: Reading registration image...
2007-06-29 18:50:11,187 [main] INFO  artof.ArtofMain - ArtofMain: connecting to database...
2007-06-29 18:50:16,812 [main] INFO  artof.ArtofMain - ArtofMain: deletion check succesful 
2007-06-29 18:50:16,812 [main] INFO  artof.ArtofMain - ArtofMain: starting installation checks... 
2007-06-29 18:51:25,906 [main] INFO  artof.ArtofMain - ArtofMain: Reading registration image...
2007-06-29 18:51:25,921 [main] ERROR artof.utils.UserSettings - readUserSettings: Error when reading user settings image 
java.io.FileNotFoundException: rsfdb\Settings.dat (The system cannot find the file specified)
	at java.io.FileInputStream.open(Native Method)
	at java.io.FileInputStream.<init>(FileInputStream.java:106)
	at java.io.FileInputStream.<init>(FileInputStream.java:66)
	at artof.utils.UserSettings.readUserSettings(UserSettings.java:196)
	at artof.ArtofMain.<init>(ArtofMain.java:124)
	at artof.RunRSF.latloop(RunRSF.java:26)
	at artof.RunRSF.main(RunRSF.java:22)
2007-06-29 18:51:25,921 [main] INFO  artof.ArtofMain - ArtofMain: Failed to read user settings...
2007-06-29 18:51:25,921 [main] INFO  artof.ArtofMain - ArtofMain: saving user data...
2007-06-29 18:51:25,921 [main] INFO  artof.ArtofMain - ArtofMain: user data saved...
2007-06-29 18:51:25,921 [main] INFO  artof.ArtofMain - ArtofMain: connecting to database...
2007-06-29 18:51:27,843 [main] INFO  artof.ArtofMain - ArtofMain: deletion check succesful 
2007-06-29 18:51:27,843 [main] INFO  artof.ArtofMain - ArtofMain: starting installation checks... 
2007-06-29 18:54:35,468 [main] INFO  artof.ArtofMain - ArtofMain: Reading registration image...
2007-06-29 18:54:35,484 [main] ERROR artof.utils.UserSettings - readUserSettings: Error when reading user settings image 
java.io.FileNotFoundException: rsfdb\Settings.dat (The system cannot find the file specified)
	at java.io.FileInputStream.open(Native Method)
	at java.io.FileInputStream.<init>(FileInputStream.java:106)
	at java.io.FileInputStream.<init>(FileInputStream.java:66)
	at artof.utils.UserSettings.readUserSettings(UserSettings.java:196)
	at artof.ArtofMain.<init>(ArtofMain.java:127)
	at artof.RunRSF.latloop(RunRSF.java:26)
	at artof.RunRSF.main(RunRSF.java:22)
2007-06-29 18:54:35,484 [main] INFO  artof.ArtofMain - ArtofMain: Failed to read user settings...
2007-06-29 18:54:35,484 [main] INFO  artof.ArtofMain - ArtofMain: saving user data...
2007-06-29 18:54:35,484 [main] INFO  artof.ArtofMain - ArtofMain: user data saved...
2007-06-29 18:54:35,484 [main] INFO  artof.ArtofMain - ArtofMain: connecting to database...
2007-06-29 18:55:31,265 [main] INFO  artof.ArtofMain - ArtofMain: deletion check failed 
2007-06-29 18:55:31,265 [main] INFO  artof.ArtofMain - ArtofMain: starting installation checks... 
2007-06-29 18:55:45,328 [main] INFO  artof.ArtofMain - ArtofMain: Reading registration image...
2007-06-29 18:55:45,328 [main] INFO  artof.ArtofMain - ArtofMain: connecting to database...
2007-06-29 18:55:51,593 [main] INFO  artof.ArtofMain - ArtofMain: deletion check failed 
2007-06-29 18:55:51,593 [main] INFO  artof.ArtofMain - ArtofMain: starting installation checks... 
2007-06-29 18:56:07,265 [main] INFO  artof.ArtofMain - ArtofMain: Reading registration image...
2007-06-29 18:56:07,281 [main] INFO  artof.ArtofMain - ArtofMain: connecting to database...
2007-06-29 18:56:10,843 [main] INFO  artof.ArtofMain - ArtofMain: deletion check failed 
2007-06-29 18:56:10,843 [main] INFO  artof.ArtofMain - ArtofMain: starting installation checks... 
2007-06-29 18:59:38,515 [main] INFO  artof.ArtofMain - ArtofMain: Reading registration image...
2007-06-29 19:01:05,375 [main] INFO  artof.ArtofMain - ArtofMain: Reading registration image...
2007-06-29 19:01:06,890 [main] ERROR artof.ArtofMain - ArtofMain: Error when reading registration image 
java.io.FileNotFoundException: images\stuffer.gif (The system cannot find the file specified)
	at java.io.FileInputStream.open(Native Method)
	at java.io.FileInputStream.<init>(FileInputStream.java:106)
	at java.io.FileInputStream.<init>(FileInputStream.java:66)
	at java.io.FileReader.<init>(FileReader.java:41)
	at artof.ArtofMain.<init>(ArtofMain.java:88)
	at artof.RunRSF.latloop(RunRSF.java:26)
	at artof.RunRSF.main(RunRSF.java:22)
2007-06-29 19:01:07,250 [main] INFO  artof.ArtofMain - ArtofMain: creating registration image...
2007-06-29 19:01:10,906 [main] INFO  artof.ArtofMain - ArtofMain: new data created...
2007-06-29 19:01:15,656 [main] ERROR artof.utils.UserSettings - readUserSettings: Error when reading user settings image 
java.io.FileNotFoundException: rsfdb\Settings.dat (The system cannot find the file specified)
	at java.io.FileInputStream.open(Native Method)
	at java.io.FileInputStream.<init>(FileInputStream.java:106)
	at java.io.FileInputStream.<init>(FileInputStream.java:66)
	at artof.utils.UserSettings.readUserSettings(UserSettings.java:196)
	at artof.ArtofMain.<init>(ArtofMain.java:127)
	at artof.RunRSF.latloop(RunRSF.java:26)
	at artof.RunRSF.main(RunRSF.java:22)
2007-06-29 19:01:16,500 [main] INFO  artof.ArtofMain - ArtofMain: Failed to read user settings...
2007-06-29 19:01:18,218 [main] INFO  artof.ArtofMain - ArtofMain: setting newly created data...
2007-06-29 19:01:18,875 [main] INFO  artof.ArtofMain - ArtofMain: saving user data...
2007-06-29 19:01:20,609 [main] INFO  artof.ArtofMain - ArtofMain: user data saved...
2007-06-29 19:01:20,609 [main] INFO  artof.ArtofMain - ArtofMain: connecting to database...
2007-06-29 19:01:29,453 [main] INFO  artof.ArtofMain - ArtofMain: deletion check succesful 
2007-06-29 19:01:29,453 [main] INFO  artof.ArtofMain - ArtofMain: starting installation checks... 
2007-07-05 19:01:58,859 [main] INFO  artof.ArtofMain - ArtofMain: Reading registration image...
2007-07-05 19:01:58,875 [main] INFO  artof.ArtofMain - ArtofMain: connecting to database...
2007-07-05 19:02:01,218 [main] INFO  artof.ArtofMain - ArtofMain: deletion check succesful 
2007-07-05 19:02:01,218 [main] INFO  artof.ArtofMain - ArtofMain: starting installation checks... 
2007-07-05 19:03:58,468 [main] INFO  artof.ArtofMain - ArtofMain: Reading registration image...
2007-07-05 19:03:58,484 [main] INFO  artof.ArtofMain - ArtofMain: connecting to database...
2007-07-05 19:04:00,281 [main] INFO  artof.ArtofMain - ArtofMain: deletion check succesful 
2007-07-05 19:04:00,281 [main] INFO  artof.ArtofMain - ArtofMain: starting installation checks... 
2007-07-09 15:46:58,937 [main] INFO  artof.ArtofMain - ArtofMain: Reading registration image...
2007-07-09 15:46:59,078 [main] INFO  artof.ArtofMain - ArtofMain: Reading registration image...
2007-07-09 15:46:59,093 [main] INFO  artof.ArtofMain - ArtofMain: connecting to database...
2007-07-09 15:46:59,109 [main] INFO  artof.ArtofMain - ArtofMain: connecting to database...
2007-07-09 15:47:02,703 [main] INFO  artof.ArtofMain - ArtofMain: deletion check succesful 
2007-07-09 15:47:02,703 [main] INFO  artof.ArtofMain - ArtofMain: starting installation checks... 
2007-07-09 15:47:03,609 [main] INFO  artof.ArtofMain - ArtofMain: deletion check succesful 
2007-07-09 15:47:03,609 [main] INFO  artof.ArtofMain - ArtofMain: starting installation checks... 
2007-08-21 10:01:41,703 [main] INFO  artof.ArtofMain - ArtofMain: Reading registration image...
2007-08-21 10:01:41,765 [main] INFO  artof.ArtofMain - ArtofMain: connecting to database...
2007-08-21 10:01:44,250 [main] INFO  artof.ArtofMain - ArtofMain: deletion check succesful 
2007-08-21 10:01:44,250 [main] INFO  artof.ArtofMain - ArtofMain: starting installation checks... 
2007-08-21 10:03:05,906 [main] INFO  artof.ArtofMain - ArtofMain: Reading registration image...
2007-08-21 10:03:05,906 [main] ERROR artof.utils.UserSettings - readUserSettings: Error when reading user settings image 
java.io.FileNotFoundException: rsfdb\Settings.dat (The system cannot find the file specified)
	at java.io.FileInputStream.open(Native Method)
	at java.io.FileInputStream.<init>(FileInputStream.java:106)
	at java.io.FileInputStream.<init>(FileInputStream.java:66)
	at artof.utils.UserSettings.readUserSettings(UserSettings.java:196)
	at artof.ArtofMain.<init>(ArtofMain.java:127)
	at artof.RunRSF.latloop(RunRSF.java:26)
	at artof.RunRSF.main(RunRSF.java:22)
2007-08-21 10:03:05,906 [main] INFO  artof.ArtofMain - ArtofMain: Failed to read user settings...
2007-08-21 10:03:05,906 [main] INFO  artof.ArtofMain - ArtofMain: saving user data...
2007-08-21 10:03:05,921 [main] INFO  artof.ArtofMain - ArtofMain: user data saved...
2007-08-21 10:03:05,921 [main] INFO  artof.ArtofMain - ArtofMain: connecting to database...
2007-08-21 10:03:11,593 [main] INFO  artof.ArtofMain - ArtofMain: deletion check failed 
2007-08-21 10:03:11,593 [main] INFO  artof.ArtofMain - ArtofMain: starting installation checks... 
2007-08-21 10:04:13,234 [main] INFO  artof.ArtofMain - ArtofMain: Reading registration image...
2007-08-21 10:04:13,234 [main] INFO  artof.ArtofMain - ArtofMain: connecting to database...
2007-08-21 10:04:15,109 [main] INFO  artof.ArtofMain - ArtofMain: deletion check failed 
2007-08-21 10:04:15,109 [main] INFO  artof.ArtofMain - ArtofMain: starting installation checks... 
2007-08-21 10:06:54,921 [main] INFO  artof.ArtofMain - ArtofMain: Reading registration image...
2007-08-21 10:07:00,796 [main] INFO  artof.ArtofMain - ArtofMain: connecting to database...
2007-08-21 10:07:58,343 [main] INFO  artof.ArtofMain - ArtofMain: deletion check failed 
2007-08-21 10:08:02,015 [main] INFO  artof.ArtofMain - ArtofMain: starting installation checks... 
2007-08-21 10:10:21,421 [main] INFO  artof.ArtofMain - ArtofMain: Reading registration image...
2007-08-21 10:10:21,421 [main] INFO  artof.ArtofMain - ArtofMain: connecting to database...
2007-08-21 10:10:27,109 [main] INFO  artof.ArtofMain - ArtofMain: deletion check failed 
2007-08-21 10:10:27,109 [main] INFO  artof.ArtofMain - ArtofMain: starting installation checks... 
2007-09-02 15:21:57,015 [main] INFO  artof.ArtofMain - ArtofMain: Reading registration image...
2007-09-02 15:21:57,234 [main] INFO  artof.ArtofMain - ArtofMain: connecting to database...
2007-09-02 15:21:59,906 [main] INFO  artof.ArtofMain - ArtofMain: deletion check succesful 
2007-09-02 15:21:59,906 [main] INFO  artof.ArtofMain - ArtofMain: starting installation checks... 
2007-09-02 15:34:51,359 [main] INFO  artof.ArtofMain - ArtofMain: Reading registration image...
2007-09-02 15:34:51,375 [main] INFO  artof.ArtofMain - ArtofMain: connecting to database...
2007-09-02 15:34:57,140 [main] INFO  artof.ArtofMain - ArtofMain: deletion check succesful 
2007-09-02 15:34:57,140 [main] INFO  artof.ArtofMain - ArtofMain: starting installation checks... 
2008-04-12 16:13:59,890 [main] INFO  artof.ArtofMain - ArtofMain: Reading registration image...
2008-04-12 16:13:59,953 [main] INFO  artof.ArtofMain - ArtofMain: connecting to database...
2008-04-12 16:14:01,968 [main] INFO  artof.ArtofMain - ArtofMain: deletion check succesful 
2008-04-12 16:14:01,984 [main] INFO  artof.ArtofMain - ArtofMain: starting installation checks... 
2008-04-13 14:13:57,187 [main] INFO  artof.ArtofMain - ArtofMain: Reading registration image...
2008-04-13 14:13:57,266 [main] INFO  artof.ArtofMain - ArtofMain: connecting to database...
2008-04-13 14:13:59,719 [main] INFO  artof.ArtofMain - ArtofMain: deletion check succesful 
2008-04-13 14:13:59,719 [main] INFO  artof.ArtofMain - ArtofMain: starting installation checks... 
2008-04-13 14:15:25,906 [main] INFO  artof.ArtofMain - ArtofMain: Reading registration image...
2008-04-13 14:15:25,906 [main] INFO  artof.ArtofMain - ArtofMain: connecting to database...
2008-04-13 14:15:27,734 [main] INFO  artof.ArtofMain - ArtofMain: deletion check succesful 
2008-04-13 14:15:27,734 [main] INFO  artof.ArtofMain - ArtofMain: starting installation checks... 
2008-04-13 16:47:31,266 [main] INFO  artof.ArtofMain - ArtofMain: Reading registration image...
2008-04-13 16:47:31,281 [main] INFO  artof.ArtofMain - ArtofMain: connecting to database...
2008-04-13 16:47:33,078 [main] INFO  artof.ArtofMain - ArtofMain: deletion check succesful 
2008-04-13 16:47:33,078 [main] INFO  artof.ArtofMain - ArtofMain: starting installation checks... 
2008-04-13 16:48:28,109 [main] INFO  artof.ArtofMain - ArtofMain: Reading registration image...
2008-04-13 16:48:28,125 [main] INFO  artof.ArtofMain - ArtofMain: connecting to database...
2008-04-13 16:48:30,219 [main] INFO  artof.ArtofMain - ArtofMain: deletion check succesful 
2008-04-13 16:48:30,219 [main] INFO  artof.ArtofMain - ArtofMain: starting installation checks... 
2008-04-15 19:49:22,343 [main] INFO  artof.ArtofMain - ArtofMain: Reading registration image...
2008-04-15 19:49:22,390 [main] INFO  artof.ArtofMain - ArtofMain: connecting to database...
2008-04-15 19:49:24,828 [main] INFO  artof.ArtofMain - ArtofMain: deletion check succesful 
2008-04-15 19:49:24,828 [main] INFO  artof.ArtofMain - ArtofMain: starting installation checks... 
2008-04-15 19:49:54,000 [main] INFO  artof.ArtofMain - ArtofMain: Reading registration image...
2008-04-15 19:49:54,000 [main] INFO  artof.ArtofMain - ArtofMain: connecting to database...
2008-04-15 19:49:55,828 [main] INFO  artof.ArtofMain - ArtofMain: deletion check succesful 
2008-04-15 19:49:55,828 [main] INFO  artof.ArtofMain - ArtofMain: starting installation checks... 
2008-07-17 08:54:35,078 [main] INFO  artof.ArtofMain - ArtofMain: Reading registration image...
2008-07-17 08:54:35,109 [main] INFO  artof.ArtofMain - ArtofMain: connecting to database...
2008-07-17 08:54:37,546 [main] INFO  artof.ArtofMain - ArtofMain: deletion check succesful 
2008-07-17 08:54:37,546 [main] INFO  artof.ArtofMain - ArtofMain: starting installation checks... 
2017-01-31 16:13:33,615 [main] INFO  artof.ArtofMain - ArtofMain: Reading registration image...
2017-01-31 16:13:33,626 [main] INFO  artof.ArtofMain - ArtofMain: connecting to database...
2017-01-31 16:13:33,642 [main] ERROR artof.ArtofMain - ArtofMain: failed to connect to database 
java.lang.Exception
	at artof.ArtofMain.<init>(ArtofMain.java:198)
	at artof.RunRSF.latloop(RunRSF.java:26)
	at artof.RunRSF.main(RunRSF.java:22)
2017-01-31 16:13:39,546 [main] INFO  artof.ArtofMain - ArtofMain: deletion check succesful 
2017-01-31 16:13:39,546 [main] INFO  artof.ArtofMain - ArtofMain: starting installation checks... 
2017-01-31 16:14:17,602 [main] INFO  artof.ArtofMain - ArtofMain: Reading registration image...
2017-01-31 16:14:17,609 [main] INFO  artof.ArtofMain - ArtofMain: connecting to database...
2017-01-31 16:14:17,620 [main] ERROR artof.ArtofMain - ArtofMain: failed to connect to database 
java.lang.Exception
	at artof.ArtofMain.<init>(ArtofMain.java:198)
	at artof.RunRSF.latloop(RunRSF.java:26)
	at artof.RunRSF.main(RunRSF.java:22)
	at sun.reflect.NativeMethodAccessorImpl.invoke0(Native Method)
	at sun.reflect.NativeMethodAccessorImpl.invoke(NativeMethodAccessorImpl.java:57)
	at sun.reflect.DelegatingMethodAccessorImpl.invoke(DelegatingMethodAccessorImpl.java:43)
	at java.lang.reflect.Method.invoke(Method.java:606)
	at com.intellij.rt.execution.application.AppMain.main(AppMain.java:147)
2017-01-31 16:14:24,006 [main] INFO  artof.ArtofMain - ArtofMain: deletion check succesful 
2017-01-31 16:14:24,006 [main] INFO  artof.ArtofMain - ArtofMain: starting installation checks... 
2017-01-31 16:15:11,743 [main] INFO  artof.ArtofMain - ArtofMain: Reading registration image...
2017-01-31 16:15:11,752 [main] INFO  artof.ArtofMain - ArtofMain: connecting to database...
2017-01-31 16:18:16,920 [main] ERROR artof.ArtofMain - ArtofMain: failed to connect to database 
java.lang.Exception
	at artof.ArtofMain.<init>(ArtofMain.java:198)
	at artof.RunRSF.latloop(RunRSF.java:26)
	at artof.RunRSF.main(RunRSF.java:22)
2017-01-31 16:18:23,092 [main] INFO  artof.ArtofMain - ArtofMain: Reading registration image...
2017-01-31 16:18:23,100 [main] INFO  artof.ArtofMain - ArtofMain: connecting to database...
2017-01-31 16:19:34,974 [main] ERROR artof.ArtofMain - ArtofMain: failed to connect to database 
java.lang.Exception
	at artof.ArtofMain.<init>(ArtofMain.java:198)
	at artof.RunRSF.latloop(RunRSF.java:26)
	at artof.RunRSF.main(RunRSF.java:22)
2017-01-31 16:19:39,219 [main] INFO  artof.ArtofMain - ArtofMain: Reading registration image...
2017-01-31 16:19:39,225 [main] INFO  artof.ArtofMain - ArtofMain: connecting to database...
2017-01-31 16:19:52,387 [main] ERROR artof.ArtofMain - ArtofMain: failed to connect to database 
java.lang.Exception
	at artof.ArtofMain.<init>(ArtofMain.java:198)
	at artof.RunRSF.latloop(RunRSF.java:26)
	at artof.RunRSF.main(RunRSF.java:22)
2017-01-31 16:23:17,455 [main] INFO  artof.ArtofMain - ArtofMain: Reading registration image...
2017-01-31 16:23:17,461 [main] INFO  artof.ArtofMain - ArtofMain: connecting to database...
2017-01-31 16:23:21,240 [main] INFO  artof.ArtofMain - ArtofMain: deletion check succesful 
2017-01-31 16:23:21,240 [main] INFO  artof.ArtofMain - ArtofMain: starting installation checks... 
2017-01-31 16:26:34,844 [main] INFO  artof.ArtofMain - ArtofMain: Reading registration image...
2017-01-31 16:26:34,851 [main] INFO  artof.ArtofMain - ArtofMain: connecting to database...
2017-01-31 16:26:37,444 [main] ERROR artof.ArtofMain - ArtofMain: failed to connect to database 
java.lang.Exception
	at artof.ArtofMain.<init>(ArtofMain.java:201)
	at artof.RunRSF.latloop(RunRSF.java:26)
	at artof.RunRSF.main(RunRSF.java:22)
2017-01-31 16:26:44,943 [main] INFO  artof.ArtofMain - ArtofMain: deletion check succesful 
2017-01-31 16:26:44,943 [main] INFO  artof.ArtofMain - ArtofMain: starting installation checks... 
2017-01-31 16:27:04,053 [main] INFO  artof.ArtofMain - ArtofMain: Reading registration image...
2017-01-31 16:27:04,061 [main] INFO  artof.ArtofMain - ArtofMain: connecting to database...
2017-01-31 16:28:11,459 [main] ERROR artof.ArtofMain - ArtofMain: failed to connect to database 
java.lang.Exception
	at artof.ArtofMain.<init>(ArtofMain.java:201)
	at artof.RunRSF.latloop(RunRSF.java:26)
	at artof.RunRSF.main(RunRSF.java:22)
2017-01-31 16:28:37,509 [main] INFO  artof.ArtofMain - ArtofMain: Reading registration image...
2017-01-31 16:28:37,515 [main] INFO  artof.ArtofMain - ArtofMain: connecting to database...
2017-01-31 16:29:06,944 [main] INFO  artof.ArtofMain - ArtofMain: deletion check succesful 
2017-01-31 16:29:06,944 [main] INFO  artof.ArtofMain - ArtofMain: starting installation checks... 
